20240613	10:05:04	1f0158bf-1da8-49cf-8d22-304b5023e21d	undefined : ESERVFAIL	querySrv	_mongodb._tcp.cluster0.zrpxuqx.mongodb.net 
20240613	10:05:06	08bbfe7c-db11-4199-abb4-4d39f1a4d4a3	undefined : ESERVFAIL	querySrv	_mongodb._tcp.cluster0.zrpxuqx.mongodb.net 
20240621	16:46:15	62683b9b-3cfe-457d-811a-f61fae21d798	undefined : ESERVFAIL	querySrv	_mongodb._tcp.cluster0.zrpxuqx.mongodb.net 
20240623	03:10:40	3336a8e4-10b0-4585-9732-49cf6a3cba0e	undefined : ESERVFAIL	querySrv	_mongodb._tcp.cluster0.zrpxuqx.mongodb.net 
20240623	03:10:41	f406b826-1816-460f-91d1-f36ef85ab1b2	undefined : ESERVFAIL	querySrv	_mongodb._tcp.cluster0.zrpxuqx.mongodb.net 
20240623	03:10:43	d7d351c6-485a-4266-bc9a-f66c9da35b26	undefined : ESERVFAIL	querySrv	_mongodb._tcp.cluster0.zrpxuqx.mongodb.net 
20240623	03:38:04	cf49dd7f-988e-4140-a048-aac6ad1d6e63	undefined : ESERVFAIL	querySrv	_mongodb._tcp.cluster0.zrpxuqx.mongodb.net 
20240623	03:38:05	1911745e-0797-4f0c-9d82-a8caee3536e6	undefined : ESERVFAIL	querySrv	_mongodb._tcp.cluster0.zrpxuqx.mongodb.net 
20240623	03:38:07	d73b0cd7-ae33-40d5-87c5-11bf71762bc2	undefined : ESERVFAIL	querySrv	_mongodb._tcp.cluster0.zrpxuqx.mongodb.net 
20240623	15:20:55	1b7bc9e9-6523-4e3e-a9ea-06a7f725df22	undefined : ESERVFAIL	querySrv	_mongodb._tcp.cluster0.zrpxuqx.mongodb.net 
20240623	15:28:34	1571e811-dea3-4ba6-9885-5a074a1ea98d	undefined : ESERVFAIL	querySrv	_mongodb._tcp.cluster0.zrpxuqx.mongodb.net 
20240623	21:50:07	80c8fb63-1a44-49ac-8598-c9057a17fdf7	undefined : ESERVFAIL	querySrv	_mongodb._tcp.cluster0.zrpxuqx.mongodb.net 
20240623	21:50:08	31ea0ed4-90e6-4fd1-bc43-528a6a8d1a71	undefined : ESERVFAIL	querySrv	_mongodb._tcp.cluster0.zrpxuqx.mongodb.net 
20240623	21:54:26	8008056d-dbe7-4b3d-a38b-8b1dbcd8432a	undefined : ESERVFAIL	querySrv	_mongodb._tcp.cluster0.zrpxuqx.mongodb.net 
20240623	21:54:27	b867e3be-3ed6-47bf-83c4-47b81b81b814	undefined : ESERVFAIL	querySrv	_mongodb._tcp.cluster0.zrpxuqx.mongodb.net 
20240623	21:54:29	d4f63b24-b298-476a-9056-ddb71623d58d	undefined : ESERVFAIL	querySrv	_mongodb._tcp.cluster0.zrpxuqx.mongodb.net 
20240624	07:05:56	853b16dc-66a6-424c-aed4-77518092559b	undefined : ESERVFAIL	querySrv	_mongodb._tcp.cluster0.zrpxuqx.mongodb.net 
20240624	07:05:57	5cb0bdc0-82ae-4a3f-b99c-c74c7ad6a7ac	undefined : ESERVFAIL	querySrv	_mongodb._tcp.cluster0.zrpxuqx.mongodb.net 
20240624	07:05:59	f1715c78-7214-4d7b-a5e5-87e9097e88a6	undefined : ESERVFAIL	querySrv	_mongodb._tcp.cluster0.zrpxuqx.mongodb.net 
20240624	11:36:02	03e5886c-24a3-46c9-9358-69beb7d26150	undefined : ESERVFAIL	querySrv	_mongodb._tcp.cluster0.zrpxuqx.mongodb.net 
20240624	11:36:03	8905a99e-18fd-40ea-aedc-f0d0918448b0	undefined : ESERVFAIL	querySrv	_mongodb._tcp.cluster0.zrpxuqx.mongodb.net 
20240624	11:36:05	b553a4c9-50d0-4250-889a-d6f3f77d3f86	undefined : ESERVFAIL	querySrv	_mongodb._tcp.cluster0.zrpxuqx.mongodb.net 
20240624	11:45:34	5b353737-2e25-4df1-9ae2-1678875d392a	undefined : ESERVFAIL	querySrv	_mongodb._tcp.cluster0.zrpxuqx.mongodb.net 
20240624	11:45:35	c7527fdd-b003-453f-a5b3-c5a9b25d696f	undefined : ESERVFAIL	querySrv	_mongodb._tcp.cluster0.zrpxuqx.mongodb.net 
20240624	11:45:38	a4c5006e-fdb5-45f2-8269-70aac17d4ef2	undefined : ESERVFAIL	querySrv	_mongodb._tcp.cluster0.zrpxuqx.mongodb.net 
20240625	03:48:16	6850bb99-b243-4bd3-9592-1f2c6e5000aa	undefined : ESERVFAIL	querySrv	_mongodb._tcp.cluster0.zrpxuqx.mongodb.net 
20240625	04:06:38	b90c9f5e-075f-4a3c-94cc-c2a8be27f390	undefined : ESERVFAIL	querySrv	_mongodb._tcp.cluster0.zrpxuqx.mongodb.net 
20240625	04:17:51	9a886184-895b-4528-93ba-2b34694208ba	undefined : ESERVFAIL	querySrv	_mongodb._tcp.cluster0.zrpxuqx.mongodb.net 
20240625	04:17:52	64528298-99bd-492c-a7e1-1ddc941bb2f5	undefined : ESERVFAIL	querySrv	_mongodb._tcp.cluster0.zrpxuqx.mongodb.net 
20240625	04:17:54	7e3d43ab-0272-4aac-bdfa-d9023a36d228	undefined : ESERVFAIL	querySrv	_mongodb._tcp.cluster0.zrpxuqx.mongodb.net 
20240625	04:47:16	afe3fcb4-3481-477c-af26-1adc5e84310e	undefined : ESERVFAIL	querySrv	_mongodb._tcp.cluster0.zrpxuqx.mongodb.net 
20240625	04:47:17	46e13a2a-06b8-4da7-a56b-16d378d83059	undefined : ESERVFAIL	querySrv	_mongodb._tcp.cluster0.zrpxuqx.mongodb.net 
20240625	04:47:19	ca2247c5-0341-49e3-940f-e674da87b1f1	undefined : ESERVFAIL	querySrv	_mongodb._tcp.cluster0.zrpxuqx.mongodb.net 
20240625	04:49:00	0c80c9b4-e5b1-46f7-8c48-cf34683fbc85	undefined : ESERVFAIL	queryTxt	cluster0.zrpxuqx.mongodb.net 
20240625	04:49:01	c3587522-2786-40fc-aa1b-ec8a6d181269	undefined : ESERVFAIL	querySrv	_mongodb._tcp.cluster0.zrpxuqx.mongodb.net 
20240625	05:16:43	26f686a4-ab54-43da-9a26-f58ee556ca66	undefined : ESERVFAIL	querySrv	_mongodb._tcp.cluster0.zrpxuqx.mongodb.net 
20240626	08:31:19	ec138aa6-eafe-48fa-b1e6-3816e5279983	undefined : ESERVFAIL	queryTxt	cluster0.zrpxuqx.mongodb.net 
20240626	08:31:20	93059d71-8bee-418d-8f81-b3304cbbc7ee	undefined : ESERVFAIL	querySrv	_mongodb._tcp.cluster0.zrpxuqx.mongodb.net 
20240626	12:36:06	3ad9379d-e00c-4716-bc91-86fb0b0ab898	undefined : ESERVFAIL	querySrv	_mongodb._tcp.cluster0.zrpxuqx.mongodb.net 
20240626	12:36:07	8df32308-6685-4a27-b809-5ea9a80105d1	undefined : ESERVFAIL	querySrv	_mongodb._tcp.cluster0.zrpxuqx.mongodb.net 
20240626	15:57:02	326d3d3b-2ea8-4a31-abb8-d8f4330b6ff4	undefined : ESERVFAIL	querySrv	_mongodb._tcp.cluster0.zrpxuqx.mongodb.net 
20240626	18:42:39	5c4029cc-c481-4467-bca1-b441f75e4fde	undefined : ESERVFAIL	querySrv	_mongodb._tcp.cluster0.zrpxuqx.mongodb.net 
20240626	18:42:40	09e2161c-515c-4ea4-8811-c4a511768382	undefined : ESERVFAIL	querySrv	_mongodb._tcp.cluster0.zrpxuqx.mongodb.net 
20240626	18:59:04	9e73012a-4130-4395-b368-3b11a91f82bc	undefined : ESERVFAIL	querySrv	_mongodb._tcp.cluster0.zrpxuqx.mongodb.net 
20240626	18:59:05	6f8c1956-020a-40f7-b5cf-fbb5eaff12eb	undefined : ESERVFAIL	querySrv	_mongodb._tcp.cluster0.zrpxuqx.mongodb.net 
20240626	18:59:07	8a75b9f8-99ac-46fd-8928-47a3b2991301	undefined : ESERVFAIL	querySrv	_mongodb._tcp.cluster0.zrpxuqx.mongodb.net 
20240626	18:59:52	5b30be22-3a95-4d52-b9c9-ce517d350330	undefined : undefined	undefined	undefined 
20240626	19:08:15	8ce8617f-764a-4970-8f7e-50288056019f	undefined : ESERVFAIL	queryTxt	cluster0.zrpxuqx.mongodb.net 
20240626	19:08:16	4ece25e3-90be-4e62-afec-48986989559e	undefined : ESERVFAIL	querySrv	_mongodb._tcp.cluster0.zrpxuqx.mongodb.net 
20240628	12:30:11	0dfdff15-4f3b-457e-981d-a37e052b5280	undefined : ETIMEOUT	querySrv	_mongodb._tcp.cluster0.zrpxuqx.mongodb.net 
20240628	12:30:38	27f2f2e1-bd80-4bf8-aece-f36f96cf38b9	undefined : ETIMEOUT	querySrv	_mongodb._tcp.cluster0.zrpxuqx.mongodb.net 
20240628	12:31:04	46d81df5-d468-4307-ad87-6cec01f99783	undefined : ETIMEOUT	querySrv	_mongodb._tcp.cluster0.zrpxuqx.mongodb.net 
20240710	09:25:55	954fa2a1-621e-4061-95e5-26f7c8402c2c	undefined : ESERVFAIL	querySrv	_mongodb._tcp.cluster0.zrpxuqx.mongodb.net 
20240710	09:25:56	9a9eabf3-3565-4264-9af2-15bb9711a5c0	undefined : ESERVFAIL	querySrv	_mongodb._tcp.cluster0.zrpxuqx.mongodb.net 
20240710	09:25:58	037033fa-9267-49c9-ac02-4c91b8e39525	undefined : ESERVFAIL	querySrv	_mongodb._tcp.cluster0.zrpxuqx.mongodb.net 
20240826	08:28:47	18a66c25-62a8-4ec0-9ba1-daeffc696f34	undefined : ESERVFAIL	querySrv	_mongodb._tcp.cluster0.zrpxuqx.mongodb.net 
20240826	08:28:48	9934614b-3b19-4313-9ffe-40bdf5d9e031	undefined : ESERVFAIL	querySrv	_mongodb._tcp.cluster0.zrpxuqx.mongodb.net 
20240826	08:28:50	4d1e0d69-707b-4577-b2ce-0da4aba4cf46	undefined : ESERVFAIL	querySrv	_mongodb._tcp.cluster0.zrpxuqx.mongodb.net 
20240827	14:39:14	021c223f-8a61-4179-8540-c61b4d24a5a1	undefined : ESERVFAIL	querySrv	_mongodb._tcp.cluster0.zrpxuqx.mongodb.net 
20240827	14:39:16	c7d8ccb2-a5d0-42c2-ada1-e09f5d4bbdcd	undefined : ESERVFAIL	querySrv	_mongodb._tcp.cluster0.zrpxuqx.mongodb.net 
20240827	14:39:18	aaa3247b-33a3-42fe-869f-86cd0c8d7cab	undefined : ESERVFAIL	querySrv	_mongodb._tcp.cluster0.zrpxuqx.mongodb.net 
20240827	14:42:23	c15ac5e4-1c8d-4d0a-84dc-7c248c61ec3a	undefined : ESERVFAIL	querySrv	_mongodb._tcp.cluster0.zrpxuqx.mongodb.net 
20240827	14:42:24	d729cc6b-de43-44f9-a2b0-ee4fb231e04a	undefined : ESERVFAIL	querySrv	_mongodb._tcp.cluster0.zrpxuqx.mongodb.net 
20240827	14:42:26	51fa0c88-bda9-458d-9bfc-fe3035a8ac44	undefined : ESERVFAIL	querySrv	_mongodb._tcp.cluster0.zrpxuqx.mongodb.net 
20240827	17:10:23	32b254eb-bb9c-4b28-8c92-57bc49dee165	undefined : ESERVFAIL	querySrv	_mongodb._tcp.cluster0.zrpxuqx.mongodb.net 
20240827	17:10:24	9c37722e-7acb-4ab3-9a53-f1fc20c8892b	undefined : ESERVFAIL	querySrv	_mongodb._tcp.cluster0.zrpxuqx.mongodb.net 
20240827	17:10:26	8cd9dbf2-1c13-4478-8278-f37e96a4e4f8	undefined : ESERVFAIL	querySrv	_mongodb._tcp.cluster0.zrpxuqx.mongodb.net 
20240827	17:24:59	e3568a46-72d0-4a5a-a086-0b9a0ab91ae8	undefined : ESERVFAIL	querySrv	_mongodb._tcp.cluster0.zrpxuqx.mongodb.net 
20240827	17:25:00	3964653f-fba6-4b55-8acc-ca3261d8bba9	undefined : ESERVFAIL	querySrv	_mongodb._tcp.cluster0.zrpxuqx.mongodb.net 
20240827	17:25:02	1eb49f43-dfce-4416-b380-9000436fa175	undefined : ESERVFAIL	querySrv	_mongodb._tcp.cluster0.zrpxuqx.mongodb.net 
20240903	04:16:45	5e83aea0-b42b-43bc-bbf9-b4709691951e	undefined : ESERVFAIL	querySrv	_mongodb._tcp.cluster0.zrpxuqx.mongodb.net 
20240903	04:16:46	13a13d31-1667-49fe-b6d9-89cbdeecc91c	undefined : ESERVFAIL	querySrv	_mongodb._tcp.cluster0.zrpxuqx.mongodb.net 
20240903	04:16:48	382e663e-492a-4dc3-92ba-beb0c905f39a	undefined : ESERVFAIL	querySrv	_mongodb._tcp.cluster0.zrpxuqx.mongodb.net 
20240911	09:47:51	69c32436-2343-4e35-8002-56dd1f6fd3b2	undefined : undefined	undefined	undefined 
20240911	12:00:46	f2b44eab-c829-4a45-a49f-b12d8f74f06b	undefined : ESERVFAIL	querySrv	_mongodb._tcp.cluster0.zrpxuqx.mongodb.net 
20240911	12:00:47	d155da2e-1204-4b6b-8c31-77838ba7e648	undefined : ESERVFAIL	querySrv	_mongodb._tcp.cluster0.zrpxuqx.mongodb.net 
20240911	12:00:49	8ef6eb6a-f1f8-48d6-be7b-eb415a013d73	undefined : ESERVFAIL	querySrv	_mongodb._tcp.cluster0.zrpxuqx.mongodb.net 
20240914	07:15:57	0b6d985b-0b1f-4367-ae93-8a027bb85781	undefined : ESERVFAIL	querySrv	_mongodb._tcp.cluster0.zrpxuqx.mongodb.net 
20240914	07:15:58	750f4583-52da-4366-9e73-ec310225b324	undefined : ESERVFAIL	querySrv	_mongodb._tcp.cluster0.zrpxuqx.mongodb.net 
20240914	07:16:00	45996b68-1f0a-4f5b-b971-c445b6ffdc6d	undefined : ESERVFAIL	querySrv	_mongodb._tcp.cluster0.zrpxuqx.mongodb.net 
20240914	07:26:21	7d975939-08ec-4f59-90b9-dfe5364181c2	undefined : ESERVFAIL	querySrv	_mongodb._tcp.cluster0.zrpxuqx.mongodb.net 
20240914	07:26:22	dce33165-ca82-4478-b29a-fe31ec5a5b8d	undefined : ESERVFAIL	querySrv	_mongodb._tcp.cluster0.zrpxuqx.mongodb.net 
20240914	07:26:24	8bebb69c-7f6b-4cc2-a941-5f45dcfdea73	undefined : ESERVFAIL	querySrv	_mongodb._tcp.cluster0.zrpxuqx.mongodb.net 
20240914	07:38:52	46452867-025c-42ce-a1a1-8375ac0c5a30	undefined : ESERVFAIL	querySrv	_mongodb._tcp.cluster0.zrpxuqx.mongodb.net 
20240914	07:38:53	9994670d-7ba1-430c-ad07-a7c58090a033	undefined : ESERVFAIL	querySrv	_mongodb._tcp.cluster0.zrpxuqx.mongodb.net 
20240914	07:38:55	e1a701aa-e453-4a5f-9502-0afc05e93393	undefined : ESERVFAIL	querySrv	_mongodb._tcp.cluster0.zrpxuqx.mongodb.net 
20240916	06:52:13	122a1e38-10df-419d-95ce-af3e994e8b2b	undefined : ESERVFAIL	querySrv	_mongodb._tcp.cluster0.zrpxuqx.mongodb.net 
20240916	06:52:14	7a69ed82-af67-4e6c-908c-fb7523c0d685	undefined : ESERVFAIL	querySrv	_mongodb._tcp.cluster0.zrpxuqx.mongodb.net 
20240916	06:52:16	2469493c-c332-47e0-b8d7-d55e5308e8fb	undefined : ESERVFAIL	querySrv	_mongodb._tcp.cluster0.zrpxuqx.mongodb.net 
