20240621	12:22:39	860ab897-8a8c-4c2d-a2e3-647a28009ec9	GET	/admin/queueviewer/ui	undefined
20240621	12:25:17	324f0124-5d41-4f2d-871d-59a6c3606aaf	GET	/admin/queueviewer/ui	undefined
20240621	12:25:50	62eceb05-e581-4f9c-b5ec-4e14845c412a	GET	/admin/queueviewer/ui	undefined
20240621	12:25:51	46c8b454-07c0-4cc9-8996-edc0fd10c3b0	GET	/admin/queueviewer/ui/static/main.86be33d324.css	undefined
20240621	12:25:51	efa092e2-9141-4792-bc46-a415b50cc4bc	GET	/admin/queueviewer/ui/static/vendor.ef109761db.js	undefined
20240621	12:25:51	553d8485-787a-4954-8fe9-4c6118e69e81	GET	/admin/queueviewer/ui/static/main.d9210e4978.js	undefined
20240621	12:25:52	39d11661-e7e9-4127-8422-4f043d705b5d	GET	/admin/queueviewer/ui/static/fa4f5025f7.chunk.js	undefined
20240621	12:25:52	a73d8338-0d71-4403-96fa-c0fc97ebd85d	GET	/admin/queueviewer/ui/static/locales/en-US/messages.json	undefined
20240621	12:25:53	e6570f6f-635c-459c-b037-977196ba81fc	GET	/admin/queueviewer/ui/static/images/logo.svg	undefined
20240621	12:25:53	b6445d92-6d77-4d64-a381-7e123474d05d	GET	/admin/queueviewer/ui/static/images/logo.svg	undefined
20240621	12:25:53	e7b6ac0c-c600-4d8d-a8b1-1e347be9c9f3	GET	/admin/queueviewer/ui/static/9661289c29.chunk.css	undefined
20240621	12:25:53	48cbfb41-55c5-4054-a593-5cc0b79fd328	GET	/admin/queueviewer/ui/static/04b3c7b04f.chunk.js	undefined
20240621	12:25:53	746ee6cc-1a87-491e-a43c-e336145eb32e	GET	/admin/queueviewer/ui/api/queues?page=1&jobsPerPage=10	undefined
20240621	12:25:53	ba487a2d-1f44-4a7c-8c5c-3275e3d592bb	GET	/admin/queueviewer/ui/api/queues?page=1&jobsPerPage=10	undefined
20240621	12:25:58	007d6958-216d-4329-8993-ef4f61269a45	GET	/admin/queueviewer/ui/static/13189629d6.chunk.js	undefined
20240621	12:25:58	03d44846-b036-4d8e-8f51-014236a3ede1	GET	/admin/queueviewer/ui/static/bd2d82109d.chunk.js	undefined
20240621	12:25:58	cba31089-0139-4601-a1c4-1ea2e1e3a0a4	GET	/admin/queueviewer/ui/static/bb84855a7e.chunk.css	undefined
20240621	12:25:58	f41eb9fa-50ca-4fd4-bb99-f644ade001ca	GET	/admin/queueviewer/ui/static/306ed5d23e.chunk.js	undefined
20240621	12:25:58	f2665e73-3f82-47fa-8b67-6dfa52cd0415	GET	/admin/queueviewer/ui/static/0d0fa67503.chunk.js	undefined
20240621	12:25:58	cf95c8df-bf9b-4c09-919d-b566b147822b	GET	/admin/queueviewer/ui/static/7588b03c06.chunk.js	undefined
20240621	12:25:59	f0423c88-feed-4d95-b826-0e9301925bd5	GET	/admin/queueviewer/ui/api/queues?activeQueue=singleEmailQueue&status=latest&page=1&jobsPerPage=10	undefined
20240621	12:25:59	6b2e0e13-1bc8-4e6a-ae8a-56532801d805	GET	/admin/queueviewer/ui/api/queues?activeQueue=singleEmailQueue&status=latest&page=1&jobsPerPage=10	undefined
20240621	12:26:01	7e6c707b-983f-43a0-b278-9874eb3a7db7	GET	/admin/queueviewer/ui/api/queues?activeQueue=singleEmailQueue&status=active&page=1&jobsPerPage=10	undefined
20240621	12:26:02	51127fd9-91e1-4304-aac0-0fd36bed7126	GET	/admin/queueviewer/ui/api/queues?activeQueue=singleEmailQueue&status=waiting&page=1&jobsPerPage=10	undefined
20240621	12:26:03	68c1d5ab-bbde-486f-a2e4-9ae1707c56ec	GET	/admin/queueviewer/ui/api/queues?activeQueue=singlePushQueue&status=latest&page=1&jobsPerPage=10	undefined
20240621	12:26:08	7b827d2e-4b7c-49ef-82ad-6943045efd2a	GET	/admin/queueviewer/ui/api/queues?activeQueue=singlePushQueue&status=latest&page=1&jobsPerPage=10	undefined
20240621	12:26:10	c3006924-e32a-461b-ab2f-5628ba864386	GET	/admin/queueviewer/ui/api/queues?activeQueue=smsQueue&status=latest&page=1&jobsPerPage=10	undefined
20240621	12:26:13	e73a9548-af77-45c1-b2ed-1f10f40ec924	GET	/admin/queueviewer/ui/static/f29a97c88c.chunk.css	undefined
20240621	12:26:13	7df90a29-c066-4363-8811-a188119fe1bb	GET	/admin/queueviewer/ui/static/e77477d2cb.chunk.js	undefined
20240621	12:26:13	fdcd8066-99bd-4b8c-bd6c-96b7b188f40f	GET	/admin/queueviewer/ui/api/redis/stats	undefined
20240621	12:26:20	a79d2094-323d-4c71-a33c-6b30eded9cac	GET	/admin/queueviewer/ui/queue/singlePushQueue	undefined
20240621	12:26:21	55307fe6-06fe-4f4f-84c5-499a789abe7d	GET	/admin/queueviewer/ui/static/vendor.ef109761db.js	undefined
20240621	12:26:21	69b85541-922b-40fe-aa61-2bd4f2787b6b	GET	/admin/queueviewer/ui/static/main.d9210e4978.js	undefined
20240621	12:26:21	808aee19-70e9-481b-9877-2fc77073c6f0	GET	/admin/queueviewer/ui/static/main.86be33d324.css	undefined
20240621	12:26:21	dd5e0636-6e1b-4780-b50e-c9f7192746b5	GET	/admin/queueviewer/ui/static/fa4f5025f7.chunk.js	undefined
20240621	12:26:21	82b84d52-a346-43fc-b773-3052cc017297	GET	/admin/queueviewer/ui/static/locales/en-US/messages.json	undefined
20240621	12:26:22	be18f704-c2ff-4770-ab77-58539323436f	GET	/admin/queueviewer/ui/static/images/logo.svg	undefined
20240621	12:26:22	64ae7233-d861-4207-94fe-a241333a46ff	GET	/admin/queueviewer/ui/static/13189629d6.chunk.js	undefined
20240621	12:26:22	29e2ef8e-9e94-4677-8d11-ba2b3e386af0	GET	/admin/queueviewer/ui/static/bd2d82109d.chunk.js	undefined
20240621	12:26:22	b4dbb8e9-25d0-456c-a190-b1ae17451d37	GET	/admin/queueviewer/ui/static/0d0fa67503.chunk.js	undefined
20240621	12:26:22	b63a7173-f120-476b-b795-e0824a9a922f	GET	/admin/queueviewer/ui/static/306ed5d23e.chunk.js	undefined
20240621	12:26:22	8ab75a87-cfe8-4c55-af10-67ea7812db3b	GET	/admin/queueviewer/ui/static/bb84855a7e.chunk.css	undefined
20240621	12:26:22	c3a7e891-6370-4d13-beb3-590cc4b07029	GET	/admin/queueviewer/ui/static/7588b03c06.chunk.js	undefined
20240621	12:26:22	39e7327d-0cbb-42ae-8b3a-22aa79c93d44	GET	/admin/queueviewer/ui/api/queues?activeQueue=singlePushQueue&status=latest&page=1&jobsPerPage=10	undefined
20240621	12:26:22	253b86bd-a477-4a5a-9d42-d3763238bd0e	GET	/admin/queueviewer/ui/api/queues?activeQueue=singlePushQueue&status=latest&page=1&jobsPerPage=10	undefined
20240621	12:26:23	95de0535-1c18-4494-bde2-bf7bbe8706f4	GET	/admin/queueviewer/ui/api/queues?activeQueue=singlePushQueue&status=latest&page=1&jobsPerPage=10	undefined
20240621	12:26:28	653e02c5-15ab-4848-99b3-6a2af948eb45	GET	/admin/queueviewer/ui/api/queues?activeQueue=singlePushQueue&status=latest&page=1&jobsPerPage=10	undefined
20240621	12:26:33	c74c67c1-b5ed-456c-887f-2e5d3983017b	GET	/admin/queueviewer/ui/api/queues?activeQueue=singlePushQueue&status=latest&page=1&jobsPerPage=10	undefined
20240621	12:26:38	2c2cc6f5-d095-4c88-b509-8204a8ee1d06	GET	/admin/queueviewer/ui/api/queues?activeQueue=singlePushQueue&status=latest&page=1&jobsPerPage=10	undefined
20240621	12:26:43	dc8d70a6-35bb-4026-96eb-5c7603e434a1	GET	/admin/queueviewer/ui/api/queues?activeQueue=singlePushQueue&status=latest&page=1&jobsPerPage=10	undefined
20240621	12:26:45	2c704910-883a-4e8a-b524-8a87abca8c41	GET	/admin/queueviewer/ui/api/queues?activeQueue=batchPushQueue&status=latest&page=1&jobsPerPage=10	undefined
20240621	12:26:50	423a2a7f-1010-4f76-a62e-427eeb58af51	GET	/admin/queueviewer/ui/api/queues?activeQueue=batchPushQueue&status=latest&page=1&jobsPerPage=10	undefined
20240621	12:26:56	e7c918a5-785e-423d-8227-ff7f17f83880	GET	/admin/queueviewer/ui/api/queues?activeQueue=batchPushQueue&status=latest&page=1&jobsPerPage=10	undefined
20240621	12:27:01	cb3e81ce-ba20-4fff-b48a-4a0561408186	GET	/admin/queueviewer/ui/api/queues?activeQueue=batchPushQueue&status=latest&page=1&jobsPerPage=10	undefined
20240621	12:27:06	8c29c9a3-08d8-4e92-b3c0-a5f750ae5436	GET	/admin/queueviewer/ui/api/queues?activeQueue=batchPushQueue&status=latest&page=1&jobsPerPage=10	undefined
20240621	12:27:11	ba62573a-b201-4a19-bfe3-76b86845e811	GET	/admin/queueviewer/ui/api/queues?activeQueue=batchPushQueue&status=latest&page=1&jobsPerPage=10	undefined
20240621	12:27:16	7676b05a-dc53-4a8f-8a79-623f64eafd3e	GET	/admin/queueviewer/ui/api/queues?activeQueue=batchPushQueue&status=latest&page=1&jobsPerPage=10	undefined
20240621	12:27:21	9a6e1078-6288-4343-8676-f90628f8f15a	GET	/admin/queueviewer/ui/api/queues?activeQueue=batchPushQueue&status=latest&page=1&jobsPerPage=10	undefined
20240621	12:27:26	d5265877-87b7-4847-ac2d-3d2a93764bc6	GET	/admin/queueviewer/ui/api/queues?activeQueue=batchPushQueue&status=latest&page=1&jobsPerPage=10	undefined
20240621	12:27:31	986789fb-8b44-4bf8-89f5-a79668f88c30	GET	/admin/queueviewer/ui/api/queues?activeQueue=batchPushQueue&status=latest&page=1&jobsPerPage=10	undefined
20240621	12:27:36	305fa1a4-8d6f-4f4d-ab2f-f35e6927c6cc	GET	/admin/queueviewer/ui/api/queues?activeQueue=batchPushQueue&status=latest&page=1&jobsPerPage=10	undefined
20240621	12:27:41	91dda5ba-0026-47d3-9f8b-5bffea3b492b	GET	/admin/queueviewer/ui/api/queues?activeQueue=batchPushQueue&status=latest&page=1&jobsPerPage=10	undefined
20240621	12:27:46	3569d121-68f4-4661-9775-4d401440748d	GET	/admin/queueviewer/ui/api/queues?activeQueue=batchPushQueue&status=latest&page=1&jobsPerPage=10	undefined
20240621	12:27:51	e91a5a53-26fb-4ed7-b972-c18947fb1516	GET	/admin/queueviewer/ui/api/queues?activeQueue=batchPushQueue&status=latest&page=1&jobsPerPage=10	undefined
20240621	12:27:56	42e2fe1b-0c81-491f-a5ec-f37baf9f8b2f	GET	/admin/queueviewer/ui/api/queues?activeQueue=batchPushQueue&status=latest&page=1&jobsPerPage=10	undefined
20240621	12:28:01	21bd28a9-e70c-4909-be14-404a148e3968	GET	/admin/queueviewer/ui/api/queues?activeQueue=batchPushQueue&status=latest&page=1&jobsPerPage=10	undefined
20240621	12:28:06	489a1785-e631-456e-ac65-790d6d2294dd	GET	/admin/queueviewer/ui/api/queues?activeQueue=batchPushQueue&status=latest&page=1&jobsPerPage=10	undefined
20240621	12:28:11	867e32a3-ecc1-4260-8310-e96a6272b37b	GET	/admin/queueviewer/ui/api/queues?activeQueue=batchPushQueue&status=latest&page=1&jobsPerPage=10	undefined
20240621	12:28:16	0b61d6a6-d85c-4bc4-90bb-c7f214cd8fcf	GET	/admin/queueviewer/ui/api/queues?activeQueue=batchPushQueue&status=latest&page=1&jobsPerPage=10	undefined
20240621	12:28:21	60785b3f-3733-4e23-b018-b9f245498502	GET	/admin/queueviewer/ui/api/queues?activeQueue=batchPushQueue&status=latest&page=1&jobsPerPage=10	undefined
20240621	12:28:26	d110afa7-2f63-4195-82d2-d0fc306079b3	GET	/admin/queueviewer/ui/api/queues?activeQueue=batchPushQueue&status=latest&page=1&jobsPerPage=10	undefined
20240621	12:28:31	50754289-a6d7-440f-ae76-0438f910b00d	GET	/admin/queueviewer/ui/api/queues?activeQueue=batchPushQueue&status=latest&page=1&jobsPerPage=10	undefined
20240621	12:28:36	f7161a92-db91-46ed-89ba-fada59411c48	GET	/admin/queueviewer/ui/api/queues?activeQueue=batchPushQueue&status=latest&page=1&jobsPerPage=10	undefined
20240621	12:28:41	a82e11fd-011b-4748-a73a-2a9e8118188b	GET	/admin/queueviewer/ui/api/queues?activeQueue=batchPushQueue&status=latest&page=1&jobsPerPage=10	undefined
20240621	12:28:46	d77905ee-b7a8-49c7-bb97-5968c4ccfb39	GET	/admin/queueviewer/ui/api/queues?activeQueue=batchPushQueue&status=latest&page=1&jobsPerPage=10	undefined
20240621	12:28:51	ddd2932e-f107-4275-9036-66e0f3dc47b8	GET	/admin/queueviewer/ui/api/queues?activeQueue=batchPushQueue&status=latest&page=1&jobsPerPage=10	undefined
20240621	12:28:56	ef9abb67-c5d8-4585-b0e6-bb89eaefb40b	GET	/admin/queueviewer/ui/api/queues?activeQueue=batchPushQueue&status=latest&page=1&jobsPerPage=10	undefined
20240621	12:29:01	e7d817e7-8e77-437d-ae02-f4171e58bb3a	GET	/admin/queueviewer/ui/api/queues?activeQueue=batchPushQueue&status=latest&page=1&jobsPerPage=10	undefined
20240621	12:29:06	78b8aa9d-c82b-4208-b6ee-10a8981a022e	GET	/admin/queueviewer/ui/api/queues?activeQueue=batchPushQueue&status=latest&page=1&jobsPerPage=10	undefined
20240621	12:29:11	74683012-6435-4c99-89c8-adea16fe189f	GET	/admin/queueviewer/ui/api/queues?activeQueue=batchPushQueue&status=latest&page=1&jobsPerPage=10	undefined
20240621	12:29:16	a4fefca4-d0ae-4f0d-92fb-c7eea813a114	GET	/admin/queueviewer/ui/api/queues?activeQueue=batchPushQueue&status=latest&page=1&jobsPerPage=10	undefined
20240621	12:29:21	8805761f-0d7e-4cb9-b8ce-7159ce0769c6	GET	/admin/queueviewer/ui/api/queues?activeQueue=batchPushQueue&status=latest&page=1&jobsPerPage=10	undefined
20240621	12:29:26	1b00ff72-8688-4e80-9ee6-572b07098ae5	GET	/admin/queueviewer/ui/api/queues?activeQueue=batchPushQueue&status=latest&page=1&jobsPerPage=10	undefined
20240621	12:29:31	dfd49160-85c1-4efd-bc0d-cee646eafc38	GET	/admin/queueviewer/ui/api/queues?activeQueue=batchPushQueue&status=latest&page=1&jobsPerPage=10	undefined
20240621	12:37:32	cdb2e5b9-1016-459d-b8f9-37ce188438a9	GET	/admin/queueviewer/ui/api/queues?activeQueue=batchPushQueue&status=latest&page=1&jobsPerPage=10	undefined
20240621	12:37:37	838819e4-44a2-4c4e-97c5-f2071af0c9c2	GET	/admin/queueviewer/ui/api/queues?activeQueue=batchPushQueue&status=latest&page=1&jobsPerPage=10	undefined
20240621	12:37:42	62199d9c-ee50-472c-9c5d-b531e3a3216f	GET	/admin/queueviewer/ui/api/queues?activeQueue=batchPushQueue&status=latest&page=1&jobsPerPage=10	undefined
20240621	12:37:47	66703aa0-cfac-4390-9ea0-ca33f757acbe	GET	/admin/queueviewer/ui/api/queues?activeQueue=batchPushQueue&status=latest&page=1&jobsPerPage=10	undefined
20240621	12:37:52	680884b8-4c91-4805-b47c-6ec13ede4dee	GET	/admin/queueviewer/ui/api/queues?activeQueue=batchPushQueue&status=latest&page=1&jobsPerPage=10	undefined
20240621	12:38:07	db233210-3c41-4e44-a085-bb6b059f5abe	GET	/admin/queueviewer/ui/api/queues?activeQueue=batchPushQueue&status=latest&page=1&jobsPerPage=10	undefined
20240621	12:38:12	219e43d0-e849-46ae-b68a-38482637d9e8	GET	/admin/queueviewer/ui/api/queues?activeQueue=batchPushQueue&status=latest&page=1&jobsPerPage=10	undefined
20240621	15:56:26	719b2ed9-8a83-41a4-89c6-25e09bdc1667	GET	/health	undefined
20240621	16:03:06	5e949ed0-b0fd-4284-9a6d-2c620a49b1cb	GET	/health	undefined
20240621	16:03:57	224837bd-94e0-46b4-8809-1e4e0b45b7f2	GET	/health	undefined
20240621	16:07:34	cac67632-4d6b-4366-9d13-f837c66ea09b	GET	/health	undefined
20240621	16:09:46	63c4a9aa-8408-45f1-8078-204a1f3a4afa	GET	/health	undefined
20240621	16:13:47	9e33352f-071c-4e5f-8a34-e16284574d3f	GET	/api/health	undefined
20240621	16:14:42	9e09d2fd-e50f-4b05-ae4a-9bd51e9d8aaa	GET	/api/health	undefined
20240621	16:15:01	810cce21-1716-4444-852e-a27eaea4cd5d	GET	/api/health	undefined
20240621	16:20:59	fe41a41b-2b29-4735-97eb-5fbc0a27cd50	GET	/api/health	undefined
20240621	16:21:03	cec80993-bd49-48ef-8525-f8f4af5c5172	GET	/api/health	undefined
20240621	16:24:21	677bf2e4-d95c-482c-8fa7-04f785ff5d88	GET	/api/health	undefined
20240621	16:26:19	c2efcd76-3d42-450b-8a37-49a1481a0ec3	GET	/api/health	undefined
20240621	16:29:56	439e3527-080b-4968-82cc-185983de633f	GET	/api	undefined
20240621	16:32:20	5c774600-a385-4ef8-bdbb-91b4608c0689	GET	/api/health	undefined
20240621	16:33:22	7d82933d-1550-47e7-885d-78fe27f88b64	GET	/api	undefined
20240621	16:34:18	0fd7c357-3fbc-4242-8943-4220074a121d	GET	/api	undefined
20240621	16:46:34	f41c9a22-eb63-4bdd-8d04-124ca541a1ab	GET	/api	undefined
20240621	16:46:43	a6710a9a-65ab-4d98-a4e5-4068e4342b75	GET	/api/health	undefined
20240621	16:46:54	c9ad357f-05bd-4e5c-bb35-1641b1640a7f	GET	/api	undefined
20240621	16:47:04	fb2e6af7-5f00-4857-b95d-fa4976d95733	GET	/api	undefined
20240621	16:47:07	b77e582c-4b7c-427d-b4e2-7d0862795b0e	GET	/api	undefined
20240621	16:47:16	9491ca83-bc11-408c-9a95-0eb8d9f37598	GET	/api/health	undefined
20240621	16:48:30	bc3396bc-397d-40f3-99e4-82fb2b4e7136	GET	/api/ride	undefined
20240621	16:57:37	13ae1e59-8519-4669-a02c-c2b86e9e36ee	POST	/api/auth/public/mobile	undefined
20240621	17:09:02	439bfd38-8895-4f3d-a759-da63c1ae9bbc	POST	/api/auth/public/mobile	undefined
20240621	17:10:31	e6d065ba-bfb4-428c-8239-49c6e0e124a3	POST	/api/auth/public/mobile	undefined
20240621	17:11:30	27021cfa-8acb-426a-be84-ae1c1bbac1ab	POST	/api/auth/public/mobile	undefined
20240621	17:13:27	f1b2f21e-c9b0-48be-a5e7-41c78fa0f89c	POST	/api/auth/public/mobile	undefined
20240621	17:13:46	8f1c8168-a183-4be3-b510-084f19e49733	GET	/api/health	undefined
20240621	17:15:09	166033f3-5431-478d-bbbd-d068153029cb	POST	/api/auth/public/mobile	undefined
20240621	17:15:53	1a2681f5-4f06-4834-922c-89e005116899	POST	/api/auth/public/mobile	undefined
20240621	17:20:52	1d5c7ac9-8e06-4d7f-afed-876736e6f8aa	POST	/api/auth/public/mobile	undefined
20240621	17:27:40	dd72f772-ef73-4efa-b32c-39d0794a423d	POST	/api/auth/public/mobile	undefined
20240621	17:31:51	20a8909b-6870-4c17-a6ec-5fabde4ce2bd	POST	/api/auth/public/mobile	undefined
20240621	17:33:03	8be44b3e-51e3-4fcd-8406-77028973d2e5	POST	/api/auth/public/mobile	undefined
20240621	17:33:12	e58411f9-acd8-4b6b-b8da-815048709b7f	POST	/api/auth/public/mobile	undefined
20240621	17:34:32	f0980d17-1904-4b87-b528-d709034f6dfb	POST	/api/auth/public/mobile	undefined
20240621	17:35:42	c6f8163c-8e88-40a7-82d2-7f84ed97932c	POST	/api/auth/public/mobile	undefined
20240621	17:37:24	da147fa4-f005-40ad-a4a3-68cd55317d8a	POST	/api/auth/public/mobile	undefined
20240621	17:41:10	71706ee5-9f2e-4b50-86f9-c366b52e51b4	POST	/api/auth/public/mobile	undefined
20240621	17:41:44	7aaf33ea-2264-417b-939f-6910c8be2925	POST	/api/auth/public/mobile	undefined
20240621	17:48:08	ad54d010-6181-436a-be7e-e35069b9e0d5	POST	/api/auth/public/mobile	undefined
20240621	17:53:17	a745aef8-2b50-42e2-80e7-88e2c4ad8a4c	POST	/api/auth/public/mobile	undefined
20240621	17:53:48	62925326-6026-49a3-a5ce-02c2aca3d3d3	POST	/api/auth/public/mobile	undefined
20240621	17:55:40	edcedb56-a7c5-4159-9807-64dab190a684	POST	/api/auth/public/mobile	undefined
